<?xml version="1.0" encoding="UTF-8"?>
<!-- Generated by org.testng.reporters.JUnitXMLReporter -->
<testsuite ignored="0" hostname="DESKTOP-12GSMGI" failures="2" tests="17" name="Surefire test" time="97.37" errors="0" timestamp="2025-02-17T11:09:50 EST">
  <testcase classname="test.LoginTest" name="verifyLoggingIntoApplicationUsingValidCredentials" time="1.362"/>
  <testcase classname="test.LoginTest" name="verifyLoggingIntoApplicationUsingValidCredentials" time="1.268"/>
  <testcase classname="test.LoginTest" name="verifyLoggingIntoApplicationUsingValidCredentials" time="1.34"/>
  <testcase classname="test.LoginTest" name="verifyLoggingIntoApplicationUsingValidCredentials" time="1.354"/>
  <testcase classname="test.LoginTest" name="verifyLoggingIntoApplicationUsingValidCredentials" time="1.474"/>
  <testcase classname="test.LoginTest" name="verifyLoggingIntoApplicationUsingInValidCredentials" time="1.041"/>
  <testcase classname="test.LoginTest" name="verifyLoggingIntoApplicationUsingInValidEmailAndValidPassword" time="0.992"/>
  <testcase classname="test.LoginTest" name="verifyLoggingIntoApplicationUsingValidEmailAndInvalidPassword" time="0.898">
    <failure type="java.lang.AssertionError" message="expected [Warning: No match for E-Mail Address and/or Password.] but found [Warning: Your account has exceeded allowed number of login attempts. Please try again in 1 hour.]">
      <![CDATA[java.lang.AssertionError: expected [Warning: No match for E-Mail Address and/or Password.] but found [Warning: Your account has exceeded allowed number of login attempts. Please try again in 1 hour.]
at test.LoginTest.verifyLoggingIntoApplicationUsingValidEmailAndInvalidPassword(LoginTest.java:83)
at java.base/java.util.ArrayList.forEach(ArrayList.java:1596)
... Removed 36 stack frames]]>
    </failure>
  </testcase> <!-- verifyLoggingIntoApplicationUsingValidEmailAndInvalidPassword -->
  <testcase classname="test.LoginTest" name="verifyLoggingIntoApplicationUsingWithoutEnteringCredentials" time="1.686"/>
  <testcase classname="test.RegisterTest" name="verifyRegisteringUsingMandatoryFields" time="2.389"/>
  <testcase classname="test.RegisterTest" name="verifyRegisteringUsingAllFields" time="2.457"/>
  <testcase classname="test.RegisterTest" name="verifyRegisteringAccountByUsingYesNewsletterOption" time="2.974"/>
  <testcase classname="test.RegisterTest" name="verifyRegisteringAccountByUsingNoNewsletterOption" time="2.869"/>
  <testcase classname="test.RegisterTest" name="verifyPrivacyPolicySelectionStatusInRegisteringAccountPage" time="0.03">
    <failure type="java.lang.AssertionError" message="expected [true] but found [false]">
      <![CDATA[java.lang.AssertionError: expected [true] but found [false]
at test.RegisterTest.verifyPrivacyPolicySelectionStatusInRegisteringAccountPage(RegisterTest.java:109)
at java.base/java.util.ArrayList.forEach(ArrayList.java:1596)
... Removed 34 stack frames]]>
    </failure>
  </testcase> <!-- verifyPrivacyPolicySelectionStatusInRegisteringAccountPage -->
  <testcase classname="test.SearchTest" name="verifySearchingWithExistingProduct" time="0.832"/>
  <testcase classname="test.SearchTest" name="verifySearchingWithNonExistingProduct" time="0.634"/>
  <testcase classname="test.SearchTest" name="verifySearchingWithoutProvidingProduct" time="0.483"/>
</testsuite> <!-- Surefire test -->
