<?xml version="1.0" encoding="UTF-8"?>
<!-- Generated by org.testng.reporters.JUnitXMLReporter -->
<testsuite ignored="0" hostname="DESKTOP-12GSMGI" failures="1" tests="17" name="Test" time="118.341" errors="0" timestamp="2025-02-17T11:01:32 EST">
  <testcase classname="test.Register" name="verifyRegisteringUsingMandatoryFields" time="2.42"/>
  <testcase classname="test.Register" name="verifyRegisteringUsingAllFields" time="2.4"/>
  <testcase classname="test.Register" name="verifyRegisteringAccountByUsingYesNewsletterOption" time="3.207"/>
  <testcase classname="test.Register" name="verifyRegisteringAccountByUsingNoNewsletterOption" time="3.017"/>
  <testcase classname="test.Register" name="verifyPrivacyPolicySelectionStatusInRegisteringAccountPage" time="0.041">
    <failure type="java.lang.AssertionError" message="expected [true] but found [false]">
      <![CDATA[java.lang.AssertionError: expected [true] but found [false]
at test.Register.verifyPrivacyPolicySelectionStatusInRegisteringAccountPage(Register.java:109)
at java.base/java.util.ArrayList.forEach(ArrayList.java:1596)
... Removed 29 stack frames]]>
    </failure>
  </testcase> <!-- verifyPrivacyPolicySelectionStatusInRegisteringAccountPage -->
  <testcase classname="test.Login" name="verifyLoggingIntoApplicationUsingValidCredentials" time="1.259"/>
  <testcase classname="test.Login" name="verifyLoggingIntoApplicationUsingValidCredentials" time="1.266"/>
  <testcase classname="test.Login" name="verifyLoggingIntoApplicationUsingValidCredentials" time="1.248"/>
  <testcase classname="test.Login" name="verifyLoggingIntoApplicationUsingValidCredentials" time="1.248"/>
  <testcase classname="test.Login" name="verifyLoggingIntoApplicationUsingValidCredentials" time="1.52"/>
  <testcase classname="test.Login" name="verifyLoggingIntoApplicationUsingInValidCredentials" time="0.936"/>
  <testcase classname="test.Login" name="verifyLoggingIntoApplicationUsingInValidEmailAndValidPassword" time="1.344"/>
  <testcase classname="test.Login" name="verifyLoggingIntoApplicationUsingValidEmailAndInvalidPassword" time="0.984"/>
  <testcase classname="test.Login" name="verifyLoggingIntoApplicationUsingWithoutEnteringCredentials" time="0.779"/>
  <testcase classname="test.Search" name="verifySearchingWithExistingProduct" time="0.809"/>
  <testcase classname="test.Search" name="verifySearchingWithNonExistingProduct" time="0.681"/>
  <testcase classname="test.Search" name="verifySearchingWithoutProvidingProduct" time="0.458"/>
</testsuite> <!-- Test -->
