<?xml version="1.0" encoding="UTF-8"?>
<!-- Generated by org.testng.reporters.JUnitXMLReporter -->
<testsuite ignored="0" hostname="DESKTOP-12GSMGI" failures="1" tests="14" name="Test" time="69.123" errors="0" timestamp="2025-02-17T14:08:13 EST">
  <testcase classname="test.LoginTest" name="@BeforeMethod setup" time="4.235">
    <failure type="org.openqa.selenium.NoSuchWindowException" message="no such window: target window already closed
from unknown error: web view not found
  (Session info: chrome=132.0.6834.160)
Build info: version: &amp;apos;4.28.0&amp;apos;, revision: &amp;apos;ac342546e9&amp;apos;
System info: os.name: &amp;apos;Windows 11&amp;apos;, os.arch: &amp;apos;amd64&amp;apos;, os.version: &amp;apos;10.0&amp;apos;, java.version: &amp;apos;21.0.5&amp;apos;
Driver info: org.openqa.selenium.chrome.ChromeDriver
Command: [347dc28c081e4718935ebf8b3ef90390, findElement {using=xpath, value=//span[text()=&amp;apos;My Account&amp;apos;]}]
Capabilities {acceptInsecureCerts: false, browserName: chrome, browserVersion: 132.0.6834.160, chrome: {chromedriverVersion: 132.0.6834.159 (2d77d3fc445..., userDataDir: C:\Users\GIRIS~1.DES\AppDat...}, fedcm:accounts: true, goog:chromeOptions: {debuggerAddress: localhost:61438}, networkConnectionEnabled: false, pageLoadStrategy: normal, platformName: windows, proxy: Proxy(), se:cdp: ws://localhost:61438/devtoo..., se:cdpVersion: 132.0.6834.160, setWindowRect: true, strictFileInteractability: false, timeouts: {implicit: 0, pageLoad: 300000, script: 30000}, unhandledPromptBehavior: dismiss and notify, webauthn:extension:credBlob: true, webauthn:extension:largeBlob: true, webauthn:extension:minPinLength: true, webauthn:extension:prf: true, webauthn:virtualAuthenticators: true}
Session ID: 347dc28c081e4718935ebf8b3ef90390">
      <![CDATA[org.openqa.selenium.NoSuchWindowException: no such window: target window already closed
from unknown error: web view not found
  (Session info: chrome=132.0.6834.160)
Build info: version: '4.28.0', revision: 'ac342546e9'
System info: os.name: 'Windows 11', os.arch: 'amd64', os.version: '10.0', java.version: '21.0.5'
Driver info: org.openqa.selenium.chrome.ChromeDriver
Command: [347dc28c081e4718935ebf8b3ef90390, findElement {using=xpath, value=//span[text()='My Account']}]
Capabilities {acceptInsecureCerts: false, browserName: chrome, browserVersion: 132.0.6834.160, chrome: {chromedriverVersion: 132.0.6834.159 (2d77d3fc445..., userDataDir: C:\Users\GIRIS~1.DES\AppDat...}, fedcm:accounts: true, goog:chromeOptions: {debuggerAddress: localhost:61438}, networkConnectionEnabled: false, pageLoadStrategy: normal, platformName: windows, proxy: Proxy(), se:cdp: ws://localhost:61438/devtoo..., se:cdpVersion: 132.0.6834.160, setWindowRect: true, strictFileInteractability: false, timeouts: {implicit: 0, pageLoad: 300000, script: 30000}, unhandledPromptBehavior: dismiss and notify, webauthn:extension:credBlob: true, webauthn:extension:largeBlob: true, webauthn:extension:minPinLength: true, webauthn:extension:prf: true, webauthn:virtualAuthenticators: true}
Session ID: 347dc28c081e4718935ebf8b3ef90390
at org.openqa.selenium.remote.ErrorCodec.decode(ErrorCodec.java:167)
at org.openqa.selenium.remote.codec.w3c.W3CHttpResponseCodec.decode(W3CHttpResponseCodec.java:138)
at org.openqa.selenium.remote.codec.w3c.W3CHttpResponseCodec.decode(W3CHttpResponseCodec.java:50)
at org.openqa.selenium.remote.HttpCommandExecutor.execute(HttpCommandExecutor.java:215)
at org.openqa.selenium.remote.service.DriverCommandExecutor.invokeExecute(DriverCommandExecutor.java:216)
at org.openqa.selenium.remote.service.DriverCommandExecutor.execute(DriverCommandExecutor.java:174)
at org.openqa.selenium.remote.RemoteWebDriver.execute(RemoteWebDriver.java:545)
at org.openqa.selenium.remote.ElementLocation$ElementFinder$2.findElement(ElementLocation.java:165)
at org.openqa.selenium.remote.ElementLocation.findElement(ElementLocation.java:59)
at org.openqa.selenium.remote.RemoteWebDriver.findElement(RemoteWebDriver.java:368)
at org.openqa.selenium.remote.RemoteWebDriver.findElement(RemoteWebDriver.java:362)
at org.openqa.selenium.support.pagefactory.DefaultElementLocator.findElement(DefaultElementLocator.java:68)
at org.openqa.selenium.support.pagefactory.internal.LocatingElementHandler.invoke(LocatingElementHandler.java:38)
at jdk.proxy2/jdk.proxy2.$Proxy12.isDisplayed(Unknown Source)
at utils.ElementUtilities.isElementDisplayed(ElementUtilities.java:60)
at utils.ElementUtilities.clickOnElement(ElementUtilities.java:50)
at pages.HeaderOptions.clickOnMyAccount(HeaderOptions.java:49)
at test.LoginTest.setup(LoginTest.java:26)
at java.base/java.util.ArrayList.forEach(ArrayList.java:1596)
... Removed 36 stack frames]]>
    </failure>
  </testcase> <!-- @BeforeMethod setup -->
  <testcase classname="test.LoginTest" name="@AfterMethod teardown" time="0.0">
    <skipped/>
  </testcase> <!-- @AfterMethod teardown -->
  <testcase classname="test.LoginTest" name="@BeforeMethod setup" time="0.0">
    <skipped/>
  </testcase> <!-- @BeforeMethod setup -->
  <testcase classname="test.LoginTest" name="@AfterMethod teardown" time="0.0">
    <skipped/>
  </testcase> <!-- @AfterMethod teardown -->
  <testcase classname="test.LoginTest" name="@BeforeMethod setup" time="0.0">
    <skipped/>
  </testcase> <!-- @BeforeMethod setup -->
  <testcase classname="test.LoginTest" name="@AfterMethod teardown" time="0.0">
    <skipped/>
  </testcase> <!-- @AfterMethod teardown -->
  <testcase classname="test.LoginTest" name="@BeforeMethod setup" time="0.0">
    <skipped/>
  </testcase> <!-- @BeforeMethod setup -->
  <testcase classname="test.LoginTest" name="@AfterMethod teardown" time="0.0">
    <skipped/>
  </testcase> <!-- @AfterMethod teardown -->
  <testcase classname="test.LoginTest" name="@BeforeMethod setup" time="0.0">
    <skipped/>
  </testcase> <!-- @BeforeMethod setup -->
  <testcase classname="test.LoginTest" name="@AfterMethod teardown" time="0.0">
    <skipped/>
  </testcase> <!-- @AfterMethod teardown -->
  <testcase classname="test.LoginTest" name="@BeforeMethod setup" time="0.0">
    <skipped/>
  </testcase> <!-- @BeforeMethod setup -->
  <testcase classname="test.LoginTest" name="@AfterMethod teardown" time="0.0">
    <skipped/>
  </testcase> <!-- @AfterMethod teardown -->
  <testcase classname="test.RegisterTest" name="verifyRegisteringUsingMandatoryFields" time="2.601"/>
  <testcase classname="test.RegisterTest" name="verifyRegisteringUsingAllFields" time="2.734"/>
  <testcase classname="test.RegisterTest" name="verifyRegisteringAccountByUsingYesNewsletterOption" time="3.075"/>
  <testcase classname="test.RegisterTest" name="verifyRegisteringAccountByUsingNoNewsletterOption" time="3.052"/>
  <testcase classname="test.RegisterTest" name="verifyPrivacyPolicySelectionStatusInRegisteringAccountPage" time="0.043">
    <failure type="java.lang.AssertionError" message="expected [true] but found [false]">
      <![CDATA[java.lang.AssertionError: expected [true] but found [false]
at test.RegisterTest.verifyPrivacyPolicySelectionStatusInRegisteringAccountPage(RegisterTest.java:109)
at java.base/java.util.ArrayList.forEach(ArrayList.java:1596)
... Removed 33 stack frames]]>
    </failure>
  </testcase> <!-- verifyPrivacyPolicySelectionStatusInRegisteringAccountPage -->
  <testcase classname="test.LoginTest" name="verifyLoggingIntoApplicationUsingValidCredentials" time="1.413"/>
  <testcase classname="test.LoginTest" name="verifyLoggingIntoApplicationUsingValidCredentials" time="1.667"/>
  <testcase classname="test.LoginTest" name="verifyLoggingIntoApplicationUsingValidCredentials" time="1.284"/>
  <testcase classname="test.LoginTest" name="verifyLoggingIntoApplicationUsingValidCredentials" time="0.0">
    <skipped/>
  </testcase> <!-- verifyLoggingIntoApplicationUsingValidCredentials -->
  <testcase classname="test.LoginTest" name="verifyLoggingIntoApplicationUsingValidCredentials" time="0.0">
    <skipped/>
  </testcase> <!-- verifyLoggingIntoApplicationUsingValidCredentials -->
  <testcase classname="test.LoginTest" name="verifyLoggingIntoApplicationUsingInValidCredentials" time="0.0">
    <skipped/>
  </testcase> <!-- verifyLoggingIntoApplicationUsingInValidCredentials -->
  <testcase classname="test.LoginTest" name="verifyLoggingIntoApplicationUsingInValidEmailAndValidPassword" time="0.001">
    <skipped/>
  </testcase> <!-- verifyLoggingIntoApplicationUsingInValidEmailAndValidPassword -->
  <testcase classname="test.LoginTest" name="verifyLoggingIntoApplicationUsingValidEmailAndInvalidPassword" time="0.0">
    <skipped/>
  </testcase> <!-- verifyLoggingIntoApplicationUsingValidEmailAndInvalidPassword -->
  <testcase classname="test.LoginTest" name="verifyLoggingIntoApplicationUsingWithoutEnteringCredentials" time="0.0">
    <skipped/>
  </testcase> <!-- verifyLoggingIntoApplicationUsingWithoutEnteringCredentials -->
</testsuite> <!-- Test -->
